// 重构日志: 492dd3be
// 重构日志: fa484877
// 重构日志: 8be8584a
// 重构日志: 307913cc
// 同步 ID: fafa6ded @ Wed Jul  1 11:25:10 UTC 2026
// 重构日志: ab6d7c87
// 同步 ID: 978421e4 @ Wed Jul  1 19:43:41 UTC 2026
// 重构日志: 94c33cd7
// 同步 ID: 67543e78 @ Sat Jul  4 10:41:33 UTC 2026
// 重构日志: 020ca566
// 重构日志: a66f1d10
// 重构日志: d86e932c
// 重构日志: 6443b7ae
// 重构日志: ac10fb9e
// 重构日志: d90158a9
// 同步 ID: b2bf56bc @ Sun Jul  5 14:58:33 UTC 2026
// 重构日志: 691fe9f9
// 重构日志: 21ba1594
// 重构日志: 4fbea6ca
// 重构日志: 53793ad0
// 同步 ID: d37cc145 @ Fri Jul 10 01:07:34 UTC 2026
// 重构日志: be623f34
// 重构日志: d6a493de
// 重构日志: fda41510
// 重构日志: 137a4774
// 重构日志: 61b1ddd5
// 重构日志: bb126bfd
// 重构日志: 5b5839bb
// 同步 ID: 081e178a @ Sun Jul 12 22:42:50 UTC 2026
// 同步 ID: 94a35214 @ Mon Jul 13 05:13:16 UTC 2026
